2026-07-06T08:17:20Z [skip] ticket 20260704T0630Z-project-digest-list-and-project-2.json: deferred by David
2026-07-06T08:17:20Z quiet: no new dispatchable tickets (n=0 pending, unchanged)
2026-07-06T08:17:24Z [skip] ticket 20260704T0630Z-project-digest-list-and-project-2.json: deferred by David
2026-07-06T08:17:24Z quiet: no new dispatchable tickets (n=0 pending, unchanged)
2026-07-06T08:17:39Z [skip] ticket 20260704T0630Z-project-digest-list-and-project-2.json: deferred by David
2026-07-06T08:17:39Z wake: 1 new ticket(s) [20260706T9999Z-DUMMY-wake-verify-ticket.json] armed=False action=skip-dispatch (disarmed)
2026-07-06T08:18:09Z [skip] ticket 20260704T0630Z-project-digest-list-and-project-2.json: deferred by David
2026-07-06T08:18:09Z quiet: no new dispatchable tickets (n=0 pending, unchanged)
2026-07-06T08:18:09Z [skip] ticket 20260704T0630Z-project-digest-list-and-project-2.json: deferred by David
2026-07-06T08:18:09Z quiet: no new dispatchable tickets (n=0 pending, unchanged)
2026-07-06T08:18:10Z [skip] ticket 20260704T0630Z-project-digest-list-and-project-2.json: deferred by David
2026-07-06T08:18:10Z quiet: no new dispatchable tickets (n=0 pending, unchanged)
2026-07-06T08:19:36Z [skip] ticket 20260704T0630Z-project-digest-list-and-project-2.json: deferred by David
2026-07-06T08:19:36Z quiet: no new dispatchable tickets (n=0 pending, unchanged)
2026-07-06T08:19:36Z [skip] ticket 20260704T0630Z-project-digest-list-and-project-2.json: deferred by David
2026-07-06T08:19:36Z quiet: no new dispatchable tickets (n=0 pending, unchanged)
2026-07-07T00:23:03Z [skip] ticket 20260704T0630Z-project-digest-list-and-project-2.json: deferred by David
2026-07-07T00:23:04Z wake: 1 new ticket(s) [wg-t1-04-c4-return-leg.json] armed=False action=skip-dispatch (disarmed)
2026-07-07T00:23:45Z [skip] ticket 20260704T0630Z-project-digest-list-and-project-2.json: deferred by David
2026-07-07T00:23:45Z quiet: no new dispatchable tickets (n=0 pending, unchanged)
2026-07-07T00:25:05Z [skip] ticket 20260704T0630Z-project-digest-list-and-project-2.json: deferred by David
2026-07-07T00:25:05Z quiet: no new dispatchable tickets (n=0 pending, unchanged)
2026-07-07T00:25:05Z [return] baseline: 17 existing done ticket(s) recorded, no notify
2026-07-07T00:25:09Z [skip] ticket 20260704T0630Z-project-digest-list-and-project-2.json: deferred by David
2026-07-07T00:25:09Z quiet: no new dispatchable tickets (n=0 pending, unchanged)
2026-07-07T00:25:40Z [skip] ticket 20260704T0630Z-project-digest-list-and-project-2.json: deferred by David
2026-07-07T00:25:40Z quiet: no new dispatchable tickets (n=0 pending, unchanged)
2026-07-07T00:25:40Z [return] done: DUMMY c4 return-leg verify — ignore — done [20260706T9999Z-DUMMY-c4-return-verify.json]
2026-07-07T00:26:13Z [skip] ticket 20260704T0630Z-project-digest-list-and-project-2.json: deferred by David
2026-07-07T00:26:13Z quiet: no new dispatchable tickets (n=0 pending, unchanged)
2026-07-07T00:26:13Z [skip] ticket 20260704T0630Z-project-digest-list-and-project-2.json: deferred by David
2026-07-07T00:26:13Z quiet: no new dispatchable tickets (n=0 pending, unchanged)
2026-07-07T00:27:50Z [skip] ticket 20260704T0630Z-project-digest-list-and-project-2.json: deferred by David
2026-07-07T00:27:50Z wake: 1 new ticket(s) [wg-t1-04-c4-return-leg.json] armed=False action=skip-dispatch (disarmed)
2026-07-07T00:28:00Z [skip] ticket 20260704T0630Z-project-digest-list-and-project-2.json: deferred by David
2026-07-07T00:28:00Z quiet: no new dispatchable tickets (n=0 pending, unchanged)
